<testsuite failures="0" name="src/test/java/examples/demo/project/project.feature" skipped="0" tests="1" time="1.267429">
  <testcase classname="src.test.java.examples.demo.project.project" name="Create a User" time="1.267429">
    <system-out>* url 'https://petstore.swagger.io/' ...................................... passed
* def requestBody = ....................................................... passed
Given path 'v2/user' ...................................................... passed
And request requestBody ................................................... passed
When method POST .......................................................... passed
Then status 200 ........................................................... passed</system-out>
  </testcase>
</testsuite>
